<?xml version="1.0" encoding="UTF-8"?>
<!-- Generated by org.testng.reporters.JUnitXMLReporter -->
<testsuite hostname="Mohan" name="Test" tests="3" failures="0" timestamp="30 Dec 2017 11:40:47 GMT" time="40.932" errors="0">
  <testcase name="@BeforeMethod precondition" time="0.0" classname="com.projectName.LoginModule.AT_LoginLogout_Valid_Data_Driving_Test">
    <failure type="java.lang.NullPointerException">
      <![CDATA[java.lang.NullPointerException
	at com.projectName.libraries.SuperTestNG.precondition(SuperTestNG.java:40)
... Removed 26 stack frames]]>
    </failure>
  </testcase> <!-- @BeforeMethod precondition -->
  <testcase name="@AfterMethod postCondition" time="0.0" classname="com.projectName.LoginModule.AT_LoginLogout_Valid_Data_Driving_Test">
    <skipped/>
  </testcase> <!-- @AfterMethod postCondition -->
  <testcase name="@BeforeMethod precondition" time="0.0" classname="com.projectName.LoginModule.AT_LoginLogout_Valid">
    <skipped/>
  </testcase> <!-- @BeforeMethod precondition -->
  <testcase name="@AfterMethod postCondition" time="0.0" classname="com.projectName.LoginModule.AT_LoginLogout_Valid">
    <skipped/>
  </testcase> <!-- @AfterMethod postCondition -->
  <testcase name="testAT_Login_Invalid" time="9.263" classname="com.projectName.LoginModule.AT_Login_Invalid"/>
  <testcase name="testAT_LoginLogout_Valid_Data_Driving_Test" time="0.002" classname="com.projectName.LoginModule.AT_LoginLogout_Valid_Data_Driving_Test">
    <skipped/>
  </testcase> <!-- testAT_LoginLogout_Valid_Data_Driving_Test -->
  <testcase name="testAT_LoginLogout_Valid" time="0.005" classname="com.projectName.LoginModule.AT_LoginLogout_Valid">
    <skipped/>
  </testcase> <!-- testAT_LoginLogout_Valid -->
</testsuite> <!-- Test -->
