<?xml version="1.0" encoding="UTF-8"?>
<testng-results skipped="2" failed="0" total="3" passed="1">
  <reporter-output>
    <line>
      <![CDATA[Opening Chrome browser]]>
    </line>
    <line>
      <![CDATA[timeOut:20]]>
    </line>
    <line>
      <![CDATA[Navigating to URL:https://demo.actitime.com/login.do;jsessionid=83C7EA47915F5B34941DC26ACD475E7E]]>
    </line>
    <line>
      <![CDATA[Pass:eEmsg & aEmsg are same
Username or Password is invalid. Please try again.]]>
    </line>
    <line>
      <![CDATA[Closing the Browser]]>
    </line>
  </reporter-output>
  <suite name="Suite" duration-ms="40932" started-at="2017-12-30T11:40:06Z" finished-at="2017-12-30T11:40:47Z">
    <groups>
    </groups>
    <test name="Test" duration-ms="40932" started-at="2017-12-30T11:40:06Z" finished-at="2017-12-30T11:40:47Z">
      <class name="com.projectName.LoginModule.AT_Login_Invalid">
        <test-method status="PASS" signature="dd()[pri:0, instance:com.projectName.LoginModule.AT_Login_Invalid@59fa1d9b]" name="dd" is-config="true" duration-ms="216" started-at="2017-12-30T17:10:06Z" finished-at="2017-12-30T17:10:06Z">
          <reporter-output>
          </reporter-output>
        </test-method> <!-- dd -->
        <test-method status="PASS" signature="precondition()[pri:0, instance:com.projectName.LoginModule.AT_Login_Invalid@59fa1d9b]" name="precondition" is-config="true" duration-ms="30766" started-at="2017-12-30T17:10:06Z" finished-at="2017-12-30T17:10:37Z">
          <reporter-output>
            <line>
              <![CDATA[Opening Chrome browser]]>
            </line>
            <line>
              <![CDATA[timeOut:20]]>
            </line>
            <line>
              <![CDATA[Navigating to URL:https://demo.actitime.com/login.do;jsessionid=83C7EA47915F5B34941DC26ACD475E7E]]>
            </line>
          </reporter-output>
        </test-method> <!-- precondition -->
        <test-method status="PASS" signature="testAT_Login_Invalid()[pri:0, instance:com.projectName.LoginModule.AT_Login_Invalid@59fa1d9b]" name="testAT_Login_Invalid" duration-ms="9263" started-at="2017-12-30T17:10:37Z" finished-at="2017-12-30T17:10:46Z">
          <reporter-output>
            <line>
              <![CDATA[Pass:eEmsg & aEmsg are same
Username or Password is invalid. Please try again.]]>
            </line>
          </reporter-output>
        </test-method> <!-- testAT_Login_Invalid -->
        <test-method status="PASS" signature="postCondition()[pri:0, instance:com.projectName.LoginModule.AT_Login_Invalid@59fa1d9b]" name="postCondition" is-config="true" duration-ms="650" started-at="2017-12-30T17:10:46Z" finished-at="2017-12-30T17:10:47Z">
          <reporter-output>
            <line>
              <![CDATA[Closing the Browser]]>
            </line>
          </reporter-output>
        </test-method> <!-- postCondition -->
        <test-method status="SKIP" signature="end()[pri:0, instance:com.projectName.LoginModule.AT_Login_Invalid@59fa1d9b]" name="end" is-config="true" duration-ms="0" started-at="2017-12-30T17:10:47Z" finished-at="2017-12-30T17:10:47Z">
          <reporter-output>
          </reporter-output>
        </test-method> <!-- end -->
      </class> <!-- com.projectName.LoginModule.AT_Login_Invalid -->
      <class name="com.projectName.LoginModule.AT_LoginLogout_Valid">
        <test-method status="SKIP" signature="precondition()[pri:0, instance:com.projectName.LoginModule.AT_LoginLogout_Valid@4501b7af]" name="precondition" is-config="true" duration-ms="0" started-at="2017-12-30T17:10:47Z" finished-at="2017-12-30T17:10:47Z">
          <reporter-output>
          </reporter-output>
        </test-method> <!-- precondition -->
        <test-method status="SKIP" signature="testAT_LoginLogout_Valid()[pri:0, instance:com.projectName.LoginModule.AT_LoginLogout_Valid@4501b7af]" name="testAT_LoginLogout_Valid" duration-ms="5" started-at="2017-12-30T17:10:47Z" finished-at="2017-12-30T17:10:47Z">
          <reporter-output>
          </reporter-output>
        </test-method> <!-- testAT_LoginLogout_Valid -->
        <test-method status="SKIP" signature="postCondition()[pri:0, instance:com.projectName.LoginModule.AT_LoginLogout_Valid@4501b7af]" name="postCondition" is-config="true" duration-ms="0" started-at="2017-12-30T17:10:47Z" finished-at="2017-12-30T17:10:47Z">
          <reporter-output>
          </reporter-output>
        </test-method> <!-- postCondition -->
      </class> <!-- com.projectName.LoginModule.AT_LoginLogout_Valid -->
      <class name="com.projectName.LoginModule.AT_LoginLogout_Valid_Data_Driving_Test">
        <test-method status="FAIL" signature="precondition()[pri:0, instance:com.projectName.LoginModule.AT_LoginLogout_Valid_Data_Driving_Test@28d25987]" name="precondition" is-config="true" duration-ms="0" started-at="2017-12-30T17:10:47Z" finished-at="2017-12-30T17:10:47Z">
          <exception class="java.lang.NullPointerException">
            <full-stacktrace>
              <![CDATA[java.lang.NullPointerException
	at com.projectName.libraries.SuperTestNG.precondition(SuperTestNG.java:40)
	at sun.reflect.NativeMethodAccessorImpl.invoke0(Native Method)
	at sun.reflect.NativeMethodAccessorImpl.invoke(NativeMethodAccessorImpl.java:62)
	at sun.reflect.DelegatingMethodAccessorImpl.invoke(DelegatingMethodAccessorImpl.java:43)
	at java.lang.reflect.Method.invoke(Method.java:498)
	at org.testng.internal.MethodInvocationHelper.invokeMethod(MethodInvocationHelper.java:85)
	at org.testng.internal.Invoker.invokeConfigurationMethod(Invoker.java:510)
	at org.testng.internal.Invoker.invokeConfigurations(Invoker.java:211)
	at org.testng.internal.Invoker.invokeMethod(Invoker.java:585)
	at org.testng.internal.Invoker.invokeTestMethod(Invoker.java:816)
	at org.testng.internal.Invoker.invokeTestMethods(Invoker.java:1124)
	at org.testng.internal.TestMethodWorker.invokeTestMethods(TestMethodWorker.java:125)
	at org.testng.internal.TestMethodWorker.run(TestMethodWorker.java:108)
	at org.testng.TestRunner.privateRun(TestRunner.java:774)
	at org.testng.TestRunner.run(TestRunner.java:624)
	at org.testng.SuiteRunner.runTest(SuiteRunner.java:359)
	at org.testng.SuiteRunner.runSequentially(SuiteRunner.java:354)
	at org.testng.SuiteRunner.privateRun(SuiteRunner.java:312)
	at org.testng.SuiteRunner.run(SuiteRunner.java:261)
	at org.testng.SuiteRunnerWorker.runSuite(SuiteRunnerWorker.java:52)
	at org.testng.SuiteRunnerWorker.run(SuiteRunnerWorker.java:86)
	at org.testng.TestNG.runSuitesSequentially(TestNG.java:1215)
	at org.testng.TestNG.runSuitesLocally(TestNG.java:1140)
	at org.testng.TestNG.run(TestNG.java:1048)
	at org.testng.remote.AbstractRemoteTestNG.run(AbstractRemoteTestNG.java:114)
	at org.testng.remote.RemoteTestNG.initAndRun(RemoteTestNG.java:251)
	at org.testng.remote.RemoteTestNG.main(RemoteTestNG.java:77)
]]>
            </full-stacktrace>
          </exception> <!-- java.lang.NullPointerException -->
          <reporter-output>
          </reporter-output>
        </test-method> <!-- precondition -->
        <test-method status="SKIP" signature="testAT_LoginLogout_Valid_Data_Driving_Test()[pri:0, instance:com.projectName.LoginModule.AT_LoginLogout_Valid_Data_Driving_Test@28d25987]" name="testAT_LoginLogout_Valid_Data_Driving_Test" duration-ms="2" started-at="2017-12-30T17:10:47Z" finished-at="2017-12-30T17:10:47Z">
          <reporter-output>
          </reporter-output>
        </test-method> <!-- testAT_LoginLogout_Valid_Data_Driving_Test -->
        <test-method status="SKIP" signature="postCondition()[pri:0, instance:com.projectName.LoginModule.AT_LoginLogout_Valid_Data_Driving_Test@28d25987]" name="postCondition" is-config="true" duration-ms="0" started-at="2017-12-30T17:10:47Z" finished-at="2017-12-30T17:10:47Z">
          <reporter-output>
          </reporter-output>
        </test-method> <!-- postCondition -->
      </class> <!-- com.projectName.LoginModule.AT_LoginLogout_Valid_Data_Driving_Test -->
    </test> <!-- Test -->
  </suite> <!-- Suite -->
</testng-results>
