<?xml version="1.0" encoding="UTF-8"?>
<testng-results skipped="2" failed="1" total="3" passed="0">
  <reporter-output>
    <line>
      <![CDATA[Opening Chrome browser]]>
    </line>
    <line>
      <![CDATA[timeOut:20]]>
    </line>
    <line>
      <![CDATA[Navigating to URL:https://demo.actitime.com/login.do;jsessionid=83C7EA47915F5B34941DC26ACD475E7E]]>
    </line>
    <line>
      <![CDATA[Closing the Browser]]>
    </line>
  </reporter-output>
  <suite name="Suite" duration-ms="32851" started-at="2017-12-31T12:28:25Z" finished-at="2017-12-31T12:28:58Z">
    <groups>
    </groups>
    <test name="Test" duration-ms="32851" started-at="2017-12-31T12:28:25Z" finished-at="2017-12-31T12:28:58Z">
      <class name="com.projectName.LoginModule.AT_Login_Invalid">
        <test-method status="PASS" signature="dd()[pri:0, instance:com.projectName.LoginModule.AT_Login_Invalid@2b80d80f]" name="dd" is-config="true" duration-ms="223" started-at="2017-12-31T17:58:25Z" finished-at="2017-12-31T17:58:25Z">
          <reporter-output>
          </reporter-output>
        </test-method> <!-- dd -->
        <test-method status="PASS" signature="precondition()[pri:0, instance:com.projectName.LoginModule.AT_Login_Invalid@2b80d80f]" name="precondition" is-config="true" duration-ms="32143" started-at="2017-12-31T17:58:25Z" finished-at="2017-12-31T17:58:57Z">
          <reporter-output>
            <line>
              <![CDATA[Opening Chrome browser]]>
            </line>
            <line>
              <![CDATA[timeOut:20]]>
            </line>
            <line>
              <![CDATA[Navigating to URL:https://demo.actitime.com/login.do;jsessionid=83C7EA47915F5B34941DC26ACD475E7E]]>
            </line>
          </reporter-output>
        </test-method> <!-- precondition -->
        <test-method status="FAIL" signature="testAT_Login_Invalid()[pri:0, instance:com.projectName.LoginModule.AT_Login_Invalid@2b80d80f]" name="testAT_Login_Invalid" duration-ms="26" started-at="2017-12-31T17:58:57Z" finished-at="2017-12-31T17:58:57Z">
          <exception class="org.openqa.selenium.NoSuchWindowException">
            <message>
              <![CDATA[no such window: target window already closed
from unknown error: web view not found
  (Session info: chrome=63.0.3239.84)
  (Driver info: chromedriver=2.33.506120 (e3e53437346286c0bc2d2dc9aa4915ba81d9023f),platform=Windows NT 6.3.9600 x86_64) (WARNING: The server did not provide any stacktrace information)
Command duration or timeout: 0 milliseconds
Build info: version: '3.6.0', revision: '6fbf3ec767', time: '2017-09-27T16:15:40.131Z'
System info: host: 'MOHAN', ip: '192.168.1.171', os.name: 'Windows 8.1', os.arch: 'amd64', os.version: '6.3', java.version: '1.8.0_152'
Driver info: org.openqa.selenium.chrome.ChromeDriver
Capabilities [{mobileEmulationEnabled=false, hasTouchScreen=false, platform=XP, acceptSslCerts=true, webStorageEnabled=true, browserName=chrome, takesScreenshot=true, javascriptEnabled=true, platformName=XP, setWindowRect=true, unexpectedAlertBehaviour=, applicationCacheEnabled=false, rotatable=false, networkConnectionEnabled=false, chrome={chromedriverVersion=2.33.506120 (e3e53437346286c0bc2d2dc9aa4915ba81d9023f), userDataDir=C:\Users\MohanRaj\AppData\Local\Temp\scoped_dir6384_6296}, takesHeapSnapshot=true, pageLoadStrategy=normal, unhandledPromptBehavior=, databaseEnabled=false, handlesAlerts=true, version=63.0.3239.84, browserConnectionEnabled=false, nativeEvents=true, locationContextEnabled=true, cssSelectorsEnabled=true}]
Session ID: c6a1df5781b33e435fa13e64ae32c039
*** Element info: {Using=name, value=username}]]>
            </message>
            <full-stacktrace>
              <![CDATA[org.openqa.selenium.NoSuchWindowException: no such window: target window already closed
from unknown error: web view not found
  (Session info: chrome=63.0.3239.84)
  (Driver info: chromedriver=2.33.506120 (e3e53437346286c0bc2d2dc9aa4915ba81d9023f),platform=Windows NT 6.3.9600 x86_64) (WARNING: The server did not provide any stacktrace information)
Command duration or timeout: 0 milliseconds
Build info: version: '3.6.0', revision: '6fbf3ec767', time: '2017-09-27T16:15:40.131Z'
System info: host: 'MOHAN', ip: '192.168.1.171', os.name: 'Windows 8.1', os.arch: 'amd64', os.version: '6.3', java.version: '1.8.0_152'
Driver info: org.openqa.selenium.chrome.ChromeDriver
Capabilities [{mobileEmulationEnabled=false, hasTouchScreen=false, platform=XP, acceptSslCerts=true, webStorageEnabled=true, browserName=chrome, takesScreenshot=true, javascriptEnabled=true, platformName=XP, setWindowRect=true, unexpectedAlertBehaviour=, applicationCacheEnabled=false, rotatable=false, networkConnectionEnabled=false, chrome={chromedriverVersion=2.33.506120 (e3e53437346286c0bc2d2dc9aa4915ba81d9023f), userDataDir=C:\Users\MohanRaj\AppData\Local\Temp\scoped_dir6384_6296}, takesHeapSnapshot=true, pageLoadStrategy=normal, unhandledPromptBehavior=, databaseEnabled=false, handlesAlerts=true, version=63.0.3239.84, browserConnectionEnabled=false, nativeEvents=true, locationContextEnabled=true, cssSelectorsEnabled=true}]
Session ID: c6a1df5781b33e435fa13e64ae32c039
*** Element info: {Using=name, value=username}
	at sun.reflect.NativeConstructorAccessorImpl.newInstance0(Native Method)
	at sun.reflect.NativeConstructorAccessorImpl.newInstance(Unknown Source)
	at sun.reflect.DelegatingConstructorAccessorImpl.newInstance(Unknown Source)
	at java.lang.reflect.Constructor.newInstance(Unknown Source)
	at org.openqa.selenium.remote.ErrorHandler.createThrowable(ErrorHandler.java:214)
	at org.openqa.selenium.remote.ErrorHandler.throwIfResponseFailed(ErrorHandler.java:166)
	at org.openqa.selenium.remote.http.JsonHttpResponseCodec.reconstructValue(JsonHttpResponseCodec.java:40)
	at org.openqa.selenium.remote.http.AbstractHttpResponseCodec.decode(AbstractHttpResponseCodec.java:82)
	at org.openqa.selenium.remote.http.AbstractHttpResponseCodec.decode(AbstractHttpResponseCodec.java:45)
	at org.openqa.selenium.remote.HttpCommandExecutor.execute(HttpCommandExecutor.java:164)
	at org.openqa.selenium.remote.service.DriverCommandExecutor.execute(DriverCommandExecutor.java:83)
	at org.openqa.selenium.remote.RemoteWebDriver.execute(RemoteWebDriver.java:586)
	at org.openqa.selenium.remote.RemoteWebDriver.findElement(RemoteWebDriver.java:356)
	at org.openqa.selenium.remote.RemoteWebDriver.findElementByName(RemoteWebDriver.java:434)
	at org.openqa.selenium.By$ByName.findElement(By.java:303)
	at org.openqa.selenium.remote.RemoteWebDriver.findElement(RemoteWebDriver.java:348)
	at com.projectName.libraries.ProjectSpecific.login(ProjectSpecific.java:10)
	at com.projectName.LoginModule.AT_Login_Invalid.testAT_Login_Invalid(AT_Login_Invalid.java:15)
	at sun.reflect.NativeMethodAccessorImpl.invoke0(Native Method)
	at sun.reflect.NativeMethodAccessorImpl.invoke(Unknown Source)
	at sun.reflect.DelegatingMethodAccessorImpl.invoke(Unknown Source)
	at java.lang.reflect.Method.invoke(Unknown Source)
	at org.testng.internal.MethodInvocationHelper.invokeMethod(MethodInvocationHelper.java:85)
	at org.testng.internal.Invoker.invokeMethod(Invoker.java:639)
	at org.testng.internal.Invoker.invokeTestMethod(Invoker.java:816)
	at org.testng.internal.Invoker.invokeTestMethods(Invoker.java:1124)
	at org.testng.internal.TestMethodWorker.invokeTestMethods(TestMethodWorker.java:125)
	at org.testng.internal.TestMethodWorker.run(TestMethodWorker.java:108)
	at org.testng.TestRunner.privateRun(TestRunner.java:774)
	at org.testng.TestRunner.run(TestRunner.java:624)
	at org.testng.SuiteRunner.runTest(SuiteRunner.java:359)
	at org.testng.SuiteRunner.runSequentially(SuiteRunner.java:354)
	at org.testng.SuiteRunner.privateRun(SuiteRunner.java:312)
	at org.testng.SuiteRunner.run(SuiteRunner.java:261)
	at org.testng.SuiteRunnerWorker.runSuite(SuiteRunnerWorker.java:52)
	at org.testng.SuiteRunnerWorker.run(SuiteRunnerWorker.java:86)
	at org.testng.TestNG.runSuitesSequentially(TestNG.java:1215)
	at org.testng.TestNG.runSuitesLocally(TestNG.java:1140)
	at org.testng.TestNG.run(TestNG.java:1048)
	at org.testng.TestNG.privateMain(TestNG.java:1355)
	at org.testng.TestNG.main(TestNG.java:1324)
]]>
            </full-stacktrace>
          </exception> <!-- org.openqa.selenium.NoSuchWindowException -->
          <reporter-output>
          </reporter-output>
        </test-method> <!-- testAT_Login_Invalid -->
        <test-method status="PASS" signature="postCondition()[pri:0, instance:com.projectName.LoginModule.AT_Login_Invalid@2b80d80f]" name="postCondition" is-config="true" duration-ms="669" started-at="2017-12-31T17:58:57Z" finished-at="2017-12-31T17:58:58Z">
          <reporter-output>
            <line>
              <![CDATA[Closing the Browser]]>
            </line>
          </reporter-output>
        </test-method> <!-- postCondition -->
        <test-method status="SKIP" signature="end()[pri:0, instance:com.projectName.LoginModule.AT_Login_Invalid@2b80d80f]" name="end" is-config="true" duration-ms="0" started-at="2017-12-31T17:58:58Z" finished-at="2017-12-31T17:58:58Z">
          <reporter-output>
          </reporter-output>
        </test-method> <!-- end -->
      </class> <!-- com.projectName.LoginModule.AT_Login_Invalid -->
      <class name="com.projectName.LoginModule.AT_LoginLogout_Valid">
        <test-method status="SKIP" signature="precondition()[pri:0, instance:com.projectName.LoginModule.AT_LoginLogout_Valid@2eee9593]" name="precondition" is-config="true" duration-ms="0" started-at="2017-12-31T17:58:58Z" finished-at="2017-12-31T17:58:58Z">
          <reporter-output>
          </reporter-output>
        </test-method> <!-- precondition -->
        <test-method status="SKIP" signature="postCondition()[pri:0, instance:com.projectName.LoginModule.AT_LoginLogout_Valid@2eee9593]" name="postCondition" is-config="true" duration-ms="0" started-at="2017-12-31T17:58:58Z" finished-at="2017-12-31T17:58:58Z">
          <reporter-output>
          </reporter-output>
        </test-method> <!-- postCondition -->
        <test-method status="SKIP" signature="testAT_LoginLogout_Valid()[pri:0, instance:com.projectName.LoginModule.AT_LoginLogout_Valid@2eee9593]" name="testAT_LoginLogout_Valid" duration-ms="0" started-at="2017-12-31T17:58:58Z" finished-at="2017-12-31T17:58:58Z">
          <reporter-output>
          </reporter-output>
        </test-method> <!-- testAT_LoginLogout_Valid -->
      </class> <!-- com.projectName.LoginModule.AT_LoginLogout_Valid -->
      <class name="com.projectName.LoginModule.AT_LoginLogout_Valid_Data_Driving_Test">
        <test-method status="FAIL" signature="precondition()[pri:0, instance:com.projectName.LoginModule.AT_LoginLogout_Valid_Data_Driving_Test@3ab39c39]" name="precondition" is-config="true" duration-ms="0" started-at="2017-12-31T17:58:58Z" finished-at="2017-12-31T17:58:58Z">
          <exception class="java.lang.NullPointerException">
            <full-stacktrace>
              <![CDATA[java.lang.NullPointerException
	at com.projectName.libraries.SuperTestNG.precondition(SuperTestNG.java:41)
	at sun.reflect.NativeMethodAccessorImpl.invoke0(Native Method)
	at sun.reflect.NativeMethodAccessorImpl.invoke(Unknown Source)
	at sun.reflect.DelegatingMethodAccessorImpl.invoke(Unknown Source)
	at java.lang.reflect.Method.invoke(Unknown Source)
	at org.testng.internal.MethodInvocationHelper.invokeMethod(MethodInvocationHelper.java:85)
	at org.testng.internal.Invoker.invokeConfigurationMethod(Invoker.java:510)
	at org.testng.internal.Invoker.invokeConfigurations(Invoker.java:211)
	at org.testng.internal.Invoker.invokeMethod(Invoker.java:585)
	at org.testng.internal.Invoker.invokeTestMethod(Invoker.java:816)
	at org.testng.internal.Invoker.invokeTestMethods(Invoker.java:1124)
	at org.testng.internal.TestMethodWorker.invokeTestMethods(TestMethodWorker.java:125)
	at org.testng.internal.TestMethodWorker.run(TestMethodWorker.java:108)
	at org.testng.TestRunner.privateRun(TestRunner.java:774)
	at org.testng.TestRunner.run(TestRunner.java:624)
	at org.testng.SuiteRunner.runTest(SuiteRunner.java:359)
	at org.testng.SuiteRunner.runSequentially(SuiteRunner.java:354)
	at org.testng.SuiteRunner.privateRun(SuiteRunner.java:312)
	at org.testng.SuiteRunner.run(SuiteRunner.java:261)
	at org.testng.SuiteRunnerWorker.runSuite(SuiteRunnerWorker.java:52)
	at org.testng.SuiteRunnerWorker.run(SuiteRunnerWorker.java:86)
	at org.testng.TestNG.runSuitesSequentially(TestNG.java:1215)
	at org.testng.TestNG.runSuitesLocally(TestNG.java:1140)
	at org.testng.TestNG.run(TestNG.java:1048)
	at org.testng.TestNG.privateMain(TestNG.java:1355)
	at org.testng.TestNG.main(TestNG.java:1324)
]]>
            </full-stacktrace>
          </exception> <!-- java.lang.NullPointerException -->
          <reporter-output>
          </reporter-output>
        </test-method> <!-- precondition -->
        <test-method status="SKIP" signature="postCondition()[pri:0, instance:com.projectName.LoginModule.AT_LoginLogout_Valid_Data_Driving_Test@3ab39c39]" name="postCondition" is-config="true" duration-ms="0" started-at="2017-12-31T17:58:58Z" finished-at="2017-12-31T17:58:58Z">
          <reporter-output>
          </reporter-output>
        </test-method> <!-- postCondition -->
        <test-method status="SKIP" signature="testAT_LoginLogout_Valid_Data_Driving_Test()[pri:0, instance:com.projectName.LoginModule.AT_LoginLogout_Valid_Data_Driving_Test@3ab39c39]" name="testAT_LoginLogout_Valid_Data_Driving_Test" duration-ms="0" started-at="2017-12-31T17:58:58Z" finished-at="2017-12-31T17:58:58Z">
          <reporter-output>
          </reporter-output>
        </test-method> <!-- testAT_LoginLogout_Valid_Data_Driving_Test -->
      </class> <!-- com.projectName.LoginModule.AT_LoginLogout_Valid_Data_Driving_Test -->
    </test> <!-- Test -->
  </suite> <!-- Suite -->
</testng-results>
